[     453ms] [INFO] %cDownload the React DevTools for a better development experience: https://react.dev/link/react-devtools font-weight:bold @ http://localhost:3001/assets/_next/static/chunks/node_modules_next_dist_1ybzpk2._.js:2477
[     470ms] [LOG] [HMR] connected @ http://localhost:3001/assets/_next/static/chunks/node_modules_next_dist_1ybzpk2._.js:2477
[     585ms] [LOG] [Fast Refresh] rebuilding @ http://localhost:3001/assets/_next/static/chunks/node_modules_next_dist_1ybzpk2._.js:2477
[     614ms] [LOG] [Fast Refresh] done in 129ms @ http://localhost:3001/assets/_next/static/chunks/node_modules_next_dist_1ybzpk2._.js:2477
[     725ms] [LOG] [Fast Refresh] rebuilding @ http://localhost:3001/assets/_next/static/chunks/node_modules_next_dist_1ybzpk2._.js:2477
[     985ms] [LOG] [Fast Refresh] done in 370ms @ http://localhost:3001/assets/_next/static/chunks/node_modules_next_dist_1ybzpk2._.js:2477
[    1078ms] [ERROR] Failed to load resource: the server responded with a status of 500 (Internal Server Error) @ http://localhost:3001/assets/api/asset-types:0
[    1082ms] [ERROR] Failed to load resource: the server responded with a status of 500 (Internal Server Error) @ http://localhost:3001/assets/api/assets?limit=1:0
[    1088ms] [ERROR] Failed to load resource: the server responded with a status of 500 (Internal Server Error) @ http://localhost:3001/assets/api/assets?status=published&limit=1:0
[    1093ms] [ERROR] Failed to load resource: the server responded with a status of 500 (Internal Server Error) @ http://localhost:3001/assets/api/assets?status=in_review&limit=1:0
[   56237ms] [LOG] [Fast Refresh] rebuilding @ http://localhost:3001/assets/_next/static/chunks/node_modules_next_dist_1ybzpk2._.js:2477
[   56353ms] [LOG] [Fast Refresh] done in 122ms @ http://localhost:3001/assets/_next/static/chunks/node_modules_next_dist_1ybzpk2._.js:2477
[   56503ms] [LOG] [Fast Refresh] rebuilding @ http://localhost:3001/assets/_next/static/chunks/node_modules_next_dist_1ybzpk2._.js:2477
[   56505ms] [LOG] [Fast Refresh] done in 104ms @ http://localhost:3001/assets/_next/static/chunks/node_modules_next_dist_1ybzpk2._.js:2477
[   56513ms] [ERROR] Failed to load resource: the server responded with a status of 500 (Internal Server Error) @ http://localhost:3001/assets/api/asset-types:0
[   56518ms] [ERROR] Failed to load resource: the server responded with a status of 500 (Internal Server Error) @ http://localhost:3001/assets/api/assets?limit=1:0
[   56523ms] [ERROR] Failed to load resource: the server responded with a status of 500 (Internal Server Error) @ http://localhost:3001/assets/api/assets?status=published&limit=1:0
[   56528ms] [ERROR] Failed to load resource: the server responded with a status of 500 (Internal Server Error) @ http://localhost:3001/assets/api/assets?status=in_review&limit=1:0
[   65683ms] [LOG] [Fast Refresh] rebuilding @ http://localhost:3001/assets/_next/static/chunks/node_modules_next_dist_1ybzpk2._.js:2477
[   65760ms] [LOG] [Fast Refresh] done in 14ms @ http://localhost:3001/assets/_next/static/chunks/node_modules_next_dist_1ybzpk2._.js:2477
